<?xml version="1.0" encoding="UTF-8"?>
<testng-results skipped="0" failed="0" ignored="0" total="2" passed="2">
  <reporter-output>
  </reporter-output>
  <suite name="Default suite" duration-ms="57922" started-at="2019-01-31T06:46:47Z" finished-at="2019-01-31T06:47:45Z">
    <groups>
    </groups>
    <test name="Default test" duration-ms="57922" started-at="2019-01-31T06:46:47Z" finished-at="2019-01-31T06:47:45Z">
      <class name="qa.TestCases.HomePageTest">
        <test-method status="PASS" signature="setUp()[pri:0, instance:qa.TestCases.HomePageTest@cc285f4]" name="setUp" is-config="true" duration-ms="27767" started-at="2019-01-31T12:16:47Z" finished-at="2019-01-31T12:17:15Z">
          <reporter-output>
          </reporter-output>
        </test-method> <!-- setUp -->
        <test-method status="PASS" signature="clickOnRestaurants()[pri:1, instance:qa.TestCases.HomePageTest@cc285f4]" name="clickOnRestaurants" duration-ms="4795" started-at="2019-01-31T12:17:15Z" finished-at="2019-01-31T12:17:20Z">
          <reporter-output>
          </reporter-output>
        </test-method> <!-- clickOnRestaurants -->
        <test-method status="PASS" signature="tearDown()[pri:0, instance:qa.TestCases.HomePageTest@cc285f4]" name="tearDown" is-config="true" duration-ms="727" started-at="2019-01-31T12:17:20Z" finished-at="2019-01-31T12:17:20Z">
          <reporter-output>
          </reporter-output>
        </test-method> <!-- tearDown -->
        <test-method status="PASS" signature="setUp()[pri:0, instance:qa.TestCases.HomePageTest@cc285f4]" name="setUp" is-config="true" duration-ms="19764" started-at="2019-01-31T12:17:20Z" finished-at="2019-01-31T12:17:40Z">
          <reporter-output>
          </reporter-output>
        </test-method> <!-- setUp -->
        <test-method status="PASS" signature="clickOnCouponCode1()[pri:2, instance:qa.TestCases.HomePageTest@cc285f4]" name="clickOnCouponCode1" duration-ms="4119" started-at="2019-01-31T12:17:40Z" finished-at="2019-01-31T12:17:44Z">
          <reporter-output>
          </reporter-output>
        </test-method> <!-- clickOnCouponCode1 -->
        <test-method status="PASS" signature="tearDown()[pri:0, instance:qa.TestCases.HomePageTest@cc285f4]" name="tearDown" is-config="true" duration-ms="691" started-at="2019-01-31T12:17:44Z" finished-at="2019-01-31T12:17:45Z">
          <reporter-output>
          </reporter-output>
        </test-method> <!-- tearDown -->
      </class> <!-- qa.TestCases.HomePageTest -->
    </test> <!-- Default test -->
  </suite> <!-- Default suite -->
</testng-results>
